<?xml version="1.0" encoding="UTF-8"?>
<!-- Generated by org.testng.reporters.JUnitReportReporter -->
<testsuite hostname="Nilkanth-PC" name="elsTech.Module3.BestsellerLink" tests="1" failures="0" timestamp="27 Jul 2020 13:16:56 GMT" time="58.141" errors="0">
  <testcase name="testExtractBestSellerLinks" time="58.141" classname="elsTech.Module3.BestsellerLink"/>
</testsuite> <!-- elsTech.Module3.BestsellerLink -->
