<?xml version="1.0" encoding="UTF-8"?>
<!-- Generated by org.testng.reporters.JUnitReportReporter -->
<testsuite hostname="Nilkanth-PC" name="elsTech.Module3.ManufacturerProducts" tests="1" failures="0" timestamp="27 Jul 2020 13:16:56 GMT" time="44.870" errors="0">
  <testcase name="testProductsManu" time="44.870" classname="elsTech.Module3.ManufacturerProducts"/>
</testsuite> <!-- elsTech.Module3.ManufacturerProducts -->
