<?xml version="1.0" encoding="UTF-8"?>
<!-- Generated by org.testng.reporters.JUnitReportReporter -->
<testsuite hostname="Nilkanth-PC" name="elsTech.Module2.SearchProduct" tests="5" failures="0" timestamp="27 Jul 2020 12:00:04 GMT" time="4.074" errors="0">
  <testcase name="testSearchProduct" time="1.077" classname="elsTech.Module2.SearchProduct"/>
  <testcase name="testSearchProduct" time="0.609" classname="elsTech.Module2.SearchProduct"/>
  <testcase name="testSearchProduct" time="0.593" classname="elsTech.Module2.SearchProduct"/>
  <testcase name="testSearchProduct" time="1.253" classname="elsTech.Module2.SearchProduct"/>
  <testcase name="testSearchProduct" time="0.542" classname="elsTech.Module2.SearchProduct"/>
</testsuite> <!-- elsTech.Module2.SearchProduct -->
