<?xml version="1.0" encoding="UTF-8"?>
<!-- Generated by org.testng.reporters.JUnitReportReporter -->
<testsuite hostname="Nilkanth-PC" name="elsTech.Module2.SelectManufacturer" tests="1" failures="0" timestamp="27 Jul 2020 12:00:04 GMT" time="1.060" errors="0">
  <testcase name="testSelectManufacturer" time="1.060" classname="elsTech.Module2.SelectManufacturer"/>
</testsuite> <!-- elsTech.Module2.SelectManufacturer -->
