<?xml version="1.0" encoding="UTF-8"?>
<!-- Generated by org.testng.reporters.JUnitReportReporter -->
<testsuite hostname="Nilkanth-PC" name="elsTech.Module1.ExtractCategories" tests="1" failures="0" timestamp="27 Jul 2020 12:01:32 GMT" time="13.110" errors="0">
  <testcase name="testExtractCategories" time="13.110" classname="elsTech.Module1.ExtractCategories"/>
</testsuite> <!-- elsTech.Module1.ExtractCategories -->
